#TYPE System.IO.FileInfo
"PSPath","PSParentPath","PSChildName","PSDrive","PSProvider","PSIsContainer","Mode","VersionInfo","BaseName","Target","LinkType","Name","Length","DirectoryName","Directory","IsReadOnly","Exists","FullName","Extension","CreationTime","CreationTimeUtc","LastAccessTime","LastAccessTimeUtc","LastWriteTime","LastWriteTimeUtc","Attributes"
"Microsoft.PowerShell.Core\FileSystem::C:\Users\champuser\Desktop\SYS320-01\week1\PowerShell Basic Lab - 1\part1.ps1","Microsoft.PowerShell.Core\FileSystem::C:\Users\champuser\Desktop\SYS320-01\week1\PowerShell Basic Lab - 1","part1.ps1","C","Microsoft.PowerShell.Core\FileSystem","False","-a----","File:             C:\Users\champuser\Desktop\SYS320-01\week1\PowerShell Basic Lab - 1\part1.ps1
InternalName:     
OriginalFilename: 
FileVersion:      
FileDescription:  
Product:          
ProductVersion:   
Debug:            False
Patched:          False
PreRelease:       False
PrivateBuild:     False
SpecialBuild:     False
Language:         
","part1","System.Collections.Generic.List`1[System.String]",,"part1.ps1","674","C:\Users\champuser\Desktop\SYS320-01\week1\PowerShell Basic Lab - 1","C:\Users\champuser\Desktop\SYS320-01\week1\PowerShell Basic Lab - 1","False","True","C:\Users\champuser\Desktop\SYS320-01\week1\PowerShell Basic Lab - 1\part1.ps1",".ps1","1/28/2025 3:09:30 PM","1/28/2025 8:09:30 PM","1/28/2025 4:59:38 PM","1/28/2025 9:59:38 PM","1/28/2025 4:59:38 PM","1/28/2025 9:59:38 PM","Archive"
"Microsoft.PowerShell.Core\FileSystem::C:\Users\champuser\Desktop\SYS320-01\week1\PowerShell Basic Lab - 1\part2.ps1","Microsoft.PowerShell.Core\FileSystem::C:\Users\champuser\Desktop\SYS320-01\week1\PowerShell Basic Lab - 1","part2.ps1","C","Microsoft.PowerShell.Core\FileSystem","False","-a----","File:             C:\Users\champuser\Desktop\SYS320-01\week1\PowerShell Basic Lab - 1\part2.ps1
InternalName:     
OriginalFilename: 
FileVersion:      
FileDescription:  
Product:          
ProductVersion:   
Debug:            False
Patched:          False
PreRelease:       False
PrivateBuild:     False
SpecialBuild:     False
Language:         
","part2","System.Collections.Generic.List`1[System.String]",,"part2.ps1","699","C:\Users\champuser\Desktop\SYS320-01\week1\PowerShell Basic Lab - 1","C:\Users\champuser\Desktop\SYS320-01\week1\PowerShell Basic Lab - 1","False","True","C:\Users\champuser\Desktop\SYS320-01\week1\PowerShell Basic Lab - 1\part2.ps1",".ps1","1/28/2025 3:09:30 PM","1/28/2025 8:09:30 PM","1/28/2025 5:07:30 PM","1/28/2025 10:07:30 PM","1/28/2025 5:07:30 PM","1/28/2025 10:07:30 PM","Archive"
